[
	{
		"Program Information" : 
		{
			"Developer" : "S.S. Papadopulos & Assoc. Inc.",
			"Title" : "mod-PATH3DU",
			"Version" : 
			{
				"Date" : "01/2018",
				"Number" : "2.0.0"
			}
		}
	},
	{
		"Timing" : 
		{
			"Elapsed" : 
			{
				"minutes" : 1.16846567e-002,
				"seconds" : 7.01079400e-001
			},
			"Finished" : "Thu Aug 23 16:21:41 2018\n",
			"Started" : "Thu Aug 23 16:21:41 2018\n"
		}
	},
	{
		"Flow Model" : 
		{
			"Boundary_Packages" : 
			{
				"CHD" : 
				{
					"Binary_File" : "test_3.cbc",
					"Binary_Header" : "CONSTANT HEAD",
					"IFACE" : "7 - internal sink/source, no well correction"
				},
				"WEL" : 
				{
					"Binary_File" : "test_3.cbc",
					"Binary_Header" : "WELLS",
					"IFACE" : "0 - internal sink/source, with well correction"
				}
			},
			"Cell-by-cell flow file" : 
			[
				{
					"File name" : "H:\\github\\MP3DUpy\\MP3DU_examples\\workspace\\test_3.cbc",
					"Headers" : 
					[
						[             "TSTP",             "SPER",             "ITEM",             "NCOL",             "NROW",             "NLAY",            "IMETH",             "DELT",           "PERTIM",            "TOTIM" ],
						[                  1,                  1,    "CONSTANT HEAD",                 51,                 51,                 -1,                  2,    3.65250000e+002,    3.65250000e+002,    3.65250000e+002 ],
						[                  1,                  1,  "FLOW RIGHT FACE",                 51,                 51,                 -1,                  1,    3.65250000e+002,    3.65250000e+002,    3.65250000e+002 ],
						[                  1,                  1,  "FLOW FRONT FACE",                 51,                 51,                 -1,                  1,    3.65250000e+002,    3.65250000e+002,    3.65250000e+002 ],
						[                  1,                  1,            "WELLS",                 51,                 51,                 -1,                  5,    3.65250000e+002,    3.65250000e+002,    3.65250000e+002 ],
						[                  1,                  2,    "CONSTANT HEAD",                 51,                 51,                 -1,                  2,    3.65250000e+002,    3.65250000e+002,    7.30500000e+002 ],
						[                  1,                  2,  "FLOW RIGHT FACE",                 51,                 51,                 -1,                  1,    3.65250000e+002,    3.65250000e+002,    7.30500000e+002 ],
						[                  1,                  2,  "FLOW FRONT FACE",                 51,                 51,                 -1,                  1,    3.65250000e+002,    3.65250000e+002,    7.30500000e+002 ],
						[                  1,                  2,            "WELLS",                 51,                 51,                 -1,                  5,    3.65250000e+002,    3.65250000e+002,    7.30500000e+002 ],
						[                  1,                  3,    "CONSTANT HEAD",                 51,                 51,                 -1,                  2,    3.65250000e+002,    3.65250000e+002,    1.09575000e+003 ],
						[                  1,                  3,  "FLOW RIGHT FACE",                 51,                 51,                 -1,                  1,    3.65250000e+002,    3.65250000e+002,    1.09575000e+003 ],
						[                  1,                  3,  "FLOW FRONT FACE",                 51,                 51,                 -1,                  1,    3.65250000e+002,    3.65250000e+002,    1.09575000e+003 ],
						[                  1,                  3,            "WELLS",                 51,                 51,                 -1,                  5,    3.65250000e+002,    3.65250000e+002,    1.09575000e+003 ],
						"... Skipped periods ...",
						[                  1,                  8,    "CONSTANT HEAD",                 51,                 51,                 -1,                  2,    3.65250000e+002,    3.65250000e+002,    2.92200000e+003 ],
						[                  1,                  8,  "FLOW RIGHT FACE",                 51,                 51,                 -1,                  1,    3.65250000e+002,    3.65250000e+002,    2.92200000e+003 ],
						[                  1,                  8,  "FLOW FRONT FACE",                 51,                 51,                 -1,                  1,    3.65250000e+002,    3.65250000e+002,    2.92200000e+003 ],
						[                  1,                  8,            "WELLS",                 51,                 51,                 -1,                  5,    3.65250000e+002,    3.65250000e+002,    2.92200000e+003 ],
						[                  1,                  9,    "CONSTANT HEAD",                 51,                 51,                 -1,                  2,    3.65250000e+002,    3.65250000e+002,    3.28725000e+003 ],
						[                  1,                  9,  "FLOW RIGHT FACE",                 51,                 51,                 -1,                  1,    3.65250000e+002,    3.65250000e+002,    3.28725000e+003 ],
						[                  1,                  9,  "FLOW FRONT FACE",                 51,                 51,                 -1,                  1,    3.65250000e+002,    3.65250000e+002,    3.28725000e+003 ],
						[                  1,                  9,            "WELLS",                 51,                 51,                 -1,                  5,    3.65250000e+002,    3.65250000e+002,    3.28725000e+003 ],
						[                  1,                 10,    "CONSTANT HEAD",                 51,                 51,                 -1,                  2,    3.65250000e+002,    3.65250000e+002,    3.65250000e+003 ],
						[                  1,                 10,  "FLOW RIGHT FACE",                 51,                 51,                 -1,                  1,    3.65250000e+002,    3.65250000e+002,    3.65250000e+003 ],
						[                  1,                 10,  "FLOW FRONT FACE",                 51,                 51,                 -1,                  1,    3.65250000e+002,    3.65250000e+002,    3.65250000e+003 ],
						[                  1,                 10,            "WELLS",                 51,                 51,                 -1,                  5,    3.65250000e+002,    3.65250000e+002,    3.65250000e+003 ],
						[                  1,                 11,    "CONSTANT HEAD",                 51,                 51,                 -1,                  2,    3.65250000e+002,    3.65250000e+002,    4.01775000e+003 ],
						[                  1,                 11,  "FLOW RIGHT FACE",                 51,                 51,                 -1,                  1,    3.65250000e+002,    3.65250000e+002,    4.01775000e+003 ],
						[                  1,                 11,  "FLOW FRONT FACE",                 51,                 51,                 -1,                  1,    3.65250000e+002,    3.65250000e+002,    4.01775000e+003 ],
						[                  1,                 11,            "WELLS",                 51,                 51,                 -1,                  5,    3.65250000e+002,    3.65250000e+002,    4.01775000e+003 ]
					],
					"Note(s)" : 
					[
						"Only the HEADERS for the first and last three stress-periods are logged here.",
						"If you would like to see all the headers, use the VERBOSE option on the commandline. See manual for details.",
						"Reading as SINGLE precision."
					]
				}
			],
			"GSF" : 
			[
				{
					"NNODES" : 2704,
					"TYPE" : "mod-path3duv110"
				}
			],
			"GSF file" : "mp3du_test_3.gsf",
			"Grid" : 
			{
				"Last node-number in layer" : [               2601 ],
				"Number of layers" : 1,
				"Number of nodes" : 2601,
				"Type" : "Structured"
			},
			"Head-save file" : 
			{
				"File name" : "H:\\github\\MP3DUpy\\MP3DU_examples\\workspace\\test_3.hds",
				"Headers" : 
				[
					[             "TSTP",             "SPER",           "PERTIM",            "TOTIM",             "ITEM",             "NCOL",             "NROW",             "ILAY" ],
					[                  1,                  1,    3.65250000e+002,    3.65250000e+002,             "HEAD",                 51,                 51,                  1 ],
					[                  1,                  2,    3.65250000e+002,    7.30500000e+002,             "HEAD",                 51,                 51,                  1 ],
					[                  1,                  3,    3.65250000e+002,    1.09575000e+003,             "HEAD",                 51,                 51,                  1 ],
					"... Skipped periods ...",
					[                  1,                  8,    3.65250000e+002,    2.92200000e+003,             "HEAD",                 51,                 51,                  1 ],
					[                  1,                  9,    3.65250000e+002,    3.28725000e+003,             "HEAD",                 51,                 51,                  1 ],
					[                  1,                 10,    3.65250000e+002,    3.65250000e+003,             "HEAD",                 51,                 51,                  1 ],
					[                  1,                 11,    3.65250000e+002,    4.01775000e+003,             "HEAD",                 51,                 51,                  1 ]
				],
				"Note(s)" : 
				[
					"Only the HEADERS for the first and last three stress-periods are logged here.",
					"If you would like to see all the headers, use the VERBOSE option on the commandline. See manual for details.",
					"Reading as SINGLE precision."
				]
			},
			"Master Timing Info" : 
			{
				"Description" : 
				[
					"mod-PATH3DU will always loop through the stress-periods/timesteps defined in the DIS file, unless adaptive time stepping is used, in which case timesteps are determined from the CBB file.",
					"If a timestep is missing from either the HDS or CBB files, it will use the next available to fill in the gaps.",
					"The table below summarizes the entry in the HDS and CBB files used for each timestep. This table is important. All of the timesteps, regardless of how many, are reported here.",
					"If you do not like it, update the OUTPUT CONTROL package of MODFLOW, rerun it and then rerun mod-PATH3DU. See manual for more details."
				],
				"Table" : 
				[
					{
						"MASTER" : 
						{
							"SPER" : 1,
							"TSTP" : 1
						},
						"test_3.cbc" : 
						{
							"SPER" : 1,
							"TSTP" : 1
						},
						"test_3.hds" : 
						{
							"SPER" : 1,
							"TSTP" : 1
						}
					},
					{
						"MASTER" : 
						{
							"SPER" : 2,
							"TSTP" : 1
						},
						"test_3.cbc" : 
						{
							"SPER" : 2,
							"TSTP" : 1
						},
						"test_3.hds" : 
						{
							"SPER" : 2,
							"TSTP" : 1
						}
					},
					{
						"MASTER" : 
						{
							"SPER" : 3,
							"TSTP" : 1
						},
						"test_3.cbc" : 
						{
							"SPER" : 3,
							"TSTP" : 1
						},
						"test_3.hds" : 
						{
							"SPER" : 3,
							"TSTP" : 1
						}
					},
					{
						"MASTER" : 
						{
							"SPER" : 4,
							"TSTP" : 1
						},
						"test_3.cbc" : 
						{
							"SPER" : 4,
							"TSTP" : 1
						},
						"test_3.hds" : 
						{
							"SPER" : 4,
							"TSTP" : 1
						}
					},
					{
						"MASTER" : 
						{
							"SPER" : 5,
							"TSTP" : 1
						},
						"test_3.cbc" : 
						{
							"SPER" : 5,
							"TSTP" : 1
						},
						"test_3.hds" : 
						{
							"SPER" : 5,
							"TSTP" : 1
						}
					},
					{
						"MASTER" : 
						{
							"SPER" : 6,
							"TSTP" : 1
						},
						"test_3.cbc" : 
						{
							"SPER" : 6,
							"TSTP" : 1
						},
						"test_3.hds" : 
						{
							"SPER" : 6,
							"TSTP" : 1
						}
					},
					{
						"MASTER" : 
						{
							"SPER" : 7,
							"TSTP" : 1
						},
						"test_3.cbc" : 
						{
							"SPER" : 7,
							"TSTP" : 1
						},
						"test_3.hds" : 
						{
							"SPER" : 7,
							"TSTP" : 1
						}
					},
					{
						"MASTER" : 
						{
							"SPER" : 8,
							"TSTP" : 1
						},
						"test_3.cbc" : 
						{
							"SPER" : 8,
							"TSTP" : 1
						},
						"test_3.hds" : 
						{
							"SPER" : 8,
							"TSTP" : 1
						}
					},
					{
						"MASTER" : 
						{
							"SPER" : 9,
							"TSTP" : 1
						},
						"test_3.cbc" : 
						{
							"SPER" : 9,
							"TSTP" : 1
						},
						"test_3.hds" : 
						{
							"SPER" : 9,
							"TSTP" : 1
						}
					},
					{
						"MASTER" : 
						{
							"SPER" : 10,
							"TSTP" : 1
						},
						"test_3.cbc" : 
						{
							"SPER" : 10,
							"TSTP" : 1
						},
						"test_3.hds" : 
						{
							"SPER" : 10,
							"TSTP" : 1
						}
					},
					{
						"MASTER" : 
						{
							"SPER" : 11,
							"TSTP" : 1
						},
						"test_3.cbc" : 
						{
							"SPER" : 11,
							"TSTP" : 1
						},
						"test_3.hds" : 
						{
							"SPER" : 11,
							"TSTP" : 1
						}
					}
				]
			},
			"Model type" : "MODFLOW",
			"NAME file" : "test_3.nam",
			"Note(s)" : 
			[
				"Successfully initialized MODFLOW.",
				"Successfully read MODFLOW input files.",
				"Successfully copied necessary MODFLOW values/arrays.",
				"Successfully indexed head-save file.",
				"Successfully indexed cell-by-cell flow file."
			],
			"Output precision" : "single",
			"Stress period(s)" : 
			{
				"Number of periods" : 11,
				"Periods" : 
				[
					[             "TSTP",             "SPER",             "DELT",            "TOTIM",             "TYPE" ],
					[                  1,                  1,    3.65250000e+002,    3.65250000e+002,     "Steady-state" ],
					[                  1,                  2,    3.65250000e+002,    7.30500000e+002,     "Steady-state" ],
					[                  1,                  3,    3.65250000e+002,    1.09575000e+003,     "Steady-state" ],
					"... Skipped periods - use the VERBOSE command line switch to see all ...",
					[                  1,                  8,    3.65250000e+002,    2.92200000e+003,     "Steady-state" ],
					[                  1,                  9,    3.65250000e+002,    3.28725000e+003,     "Steady-state" ],
					[                  1,                 10,    3.65250000e+002,    3.65250000e+003,     "Steady-state" ],
					[                  1,                 11,    3.65250000e+002,    4.01775000e+003,     "Steady-state" ]
				]
			},
			"Tracking Stress Periods" : 
			{
				"Table" : 
				[
					[             "TSTP",             "SPER",            "BEGIN",            "TOTIM",             "DELT" ],
					[                  1,                 10,    3.28725000e+003,    3.65250000e+003,    3.65250000e+002 ],
					[                  1,                  1,    0.00000000e+000,    3.65250000e+002,    3.65250000e+002 ]
				]
			}
		}
	},
	{
		"Simulation(s)" : 
		[
			{
				"Example1A" : 
				{
					"Adaptive_Step_Error" : 1.00000000e-006,
					"Initial_Stepsize" : 1.00000000e+000,
					"Option(s)" : [       "dispersion" ],
					"Particle_Start_Locations" : 
					{
						"Attributes" : 
						{
							"CellID_Attr" : "p3d_cellid",
							"Time_Attr" : "trel2",
							"ZLoc_Attr" : "zloc"
						},
						"File" : "starting_circle",
						"Maximum_Release_Time" : 3.65000000e+003,
						"Minimum_Release_Time" : 3.65000000e+003,
						"Number_of_Particles" : 100
					},
					"Simulation_End_Time" : 0.00000000e+000,
					"Tracking_Direction" : "Backward",
					"Well_Capture_Radius" : 5.00000000e-002
				}
			}
		]
	},
	{
		"Warning(s)" : null
	},
	{
		"Error(s)" : null
	}
]
